<?xml version="1.0" encoding="UTF-8"?>
<!-- Generated by org.testng.reporters.JUnitXMLReporter -->
<testsuite ignored="0" hostname="1035-IND" failures="1" tests="9" name="Surefire test" time="184.288" errors="0" timestamp="2020-05-15T11:35:48 IST">
  <testcase classname="com.amazon.qa.tests.HomePageTest" name="homePagetitleTest" time="0.016"/>
  <testcase classname="com.amazon.qa.tests.HomePageTest" name="labelTest" time="0.069"/>
  <testcase classname="com.amazon.qa.tests.HomePageTest" name="cartPageTest" time="11.812"/>
  <testcase classname="com.amazon.qa.tests.HomePageTest" name="searchPageTest" time="9.347"/>
  <testcase classname="com.amazon.qa.tests.AddressPageTest" name="addressTest" time="8.142"/>
  <testcase classname="com.amazon.qa.tests.LoginPageTest" name="titleTest" time="2.352"/>
  <testcase classname="com.amazon.qa.tests.LoginPageTest" name="logoTest" time="2.907"/>
  <testcase classname="com.amazon.qa.tests.LoginPageTest" name="loginTest" time="8.01"/>
  <testcase classname="com.amazon.qa.tests.SearchPageTest" name="listTest" time="20.809">
    <failure type="org.openqa.selenium.NoSuchElementException" message="no such element: Unable to locate element: {&amp;quot;method&amp;quot;:&amp;quot;xpath&amp;quot;,&amp;quot;selector&amp;quot;:&amp;quot;//img[@src=&amp;apos;https://m.media-amazon.com/images/I/61zLDSMp+5L._AC_UL320_.jpg&amp;apos;]&amp;quot;}
  (Session info: chrome=81.0.4044.138)
For documentation on this error, please visit: https://www.seleniumhq.org/exceptions/no_such_element.html
Build info: version: &amp;apos;3.141.59&amp;apos;, revision: &amp;apos;e82be7d358&amp;apos;, time: &amp;apos;2018-11-14T08:17:03&amp;apos;
System info: host: &amp;apos;1035-IND&amp;apos;, ip: &amp;apos;2409:4053:61f:e598:a9fd:37bc:f0f4:af55%en0&amp;apos;, os.name: &amp;apos;Mac OS X&amp;apos;, os.arch: &amp;apos;x86_64&amp;apos;, os.version: &amp;apos;10.15.3&amp;apos;, java.version: &amp;apos;13.0.2&amp;apos;
Driver info: org.openqa.selenium.chrome.ChromeDriver
Capabilities {acceptInsecureCerts: false, browserName: chrome, browserVersion: 81.0.4044.138, chrome: {chromedriverVersion: 80.0.3987.106 (f68069574609..., userDataDir: /var/folders/zn/9lxb4lx11kn...}, goog:chromeOptions: {debuggerAddress: localhost:64017}, javascriptEnabled: true, networkConnectionEnabled: false, pageLoadStrategy: normal, platform: MAC, platformName: MAC, proxy: Proxy(), setWindowRect: true, strictFileInteractability: false, timeouts: {implicit: 0, pageLoad: 300000, script: 30000}, unhandledPromptBehavior: dismiss and notify}
Session ID: 9775d627869646b4ba4052cd6f1a1134
*** Element info: {Using=xpath, value=//img[@src=&amp;apos;https://m.media-amazon.com/images/I/61zLDSMp+5L._AC_UL320_.jpg&amp;apos;]}">
      <![CDATA[org.openqa.selenium.NoSuchElementException: no such element: Unable to locate element: {"method":"xpath","selector":"//img[@src='https://m.media-amazon.com/images/I/61zLDSMp+5L._AC_UL320_.jpg']"}
  (Session info: chrome=81.0.4044.138)
For documentation on this error, please visit: https://www.seleniumhq.org/exceptions/no_such_element.html
Build info: version: '3.141.59', revision: 'e82be7d358', time: '2018-11-14T08:17:03'
System info: host: '1035-IND', ip: '2409:4053:61f:e598:a9fd:37bc:f0f4:af55%en0', os.name: 'Mac OS X', os.arch: 'x86_64', os.version: '10.15.3', java.version: '13.0.2'
Driver info: org.openqa.selenium.chrome.ChromeDriver
Capabilities {acceptInsecureCerts: false, browserName: chrome, browserVersion: 81.0.4044.138, chrome: {chromedriverVersion: 80.0.3987.106 (f68069574609..., userDataDir: /var/folders/zn/9lxb4lx11kn...}, goog:chromeOptions: {debuggerAddress: localhost:64017}, javascriptEnabled: true, networkConnectionEnabled: false, pageLoadStrategy: normal, platform: MAC, platformName: MAC, proxy: Proxy(), setWindowRect: true, strictFileInteractability: false, timeouts: {implicit: 0, pageLoad: 300000, script: 30000}, unhandledPromptBehavior: dismiss and notify}
Session ID: 9775d627869646b4ba4052cd6f1a1134
*** Element info: {Using=xpath, value=//img[@src='https://m.media-amazon.com/images/I/61zLDSMp+5L._AC_UL320_.jpg']}
at org.openqa.selenium.remote.http.W3CHttpResponseCodec.createException(W3CHttpResponseCodec.java:187)
at org.openqa.selenium.remote.http.W3CHttpResponseCodec.decode(W3CHttpResponseCodec.java:122)
at org.openqa.selenium.remote.http.W3CHttpResponseCodec.decode(W3CHttpResponseCodec.java:49)
at org.openqa.selenium.remote.HttpCommandExecutor.execute(HttpCommandExecutor.java:158)
at org.openqa.selenium.remote.service.DriverCommandExecutor.execute(DriverCommandExecutor.java:83)
at org.openqa.selenium.remote.RemoteWebDriver.execute(RemoteWebDriver.java:552)
at org.openqa.selenium.remote.RemoteWebDriver.findElement(RemoteWebDriver.java:323)
at org.openqa.selenium.remote.RemoteWebDriver.findElementByXPath(RemoteWebDriver.java:428)
at org.openqa.selenium.By$ByXPath.findElement(By.java:353)
at org.openqa.selenium.remote.RemoteWebDriver.findElement(RemoteWebDriver.java:315)
at org.openqa.selenium.support.events.EventFiringWebDriver.lambda$new$1(EventFiringWebDriver.java:105)
at com.sun.proxy.$Proxy8.findElement(Unknown Source)
at org.openqa.selenium.support.events.EventFiringWebDriver.findElement(EventFiringWebDriver.java:194)
at org.openqa.selenium.support.pagefactory.DefaultElementLocator.findElement(DefaultElementLocator.java:69)
at org.openqa.selenium.support.pagefactory.internal.LocatingElementHandler.invoke(LocatingElementHandler.java:38)
at com.sun.proxy.$Proxy12.click(Unknown Source)
at com.amazon.qa.Pages.SearchPage.validateSearchImage(SearchPage.java:31)
at com.amazon.qa.tests.SearchPageTest.listTest(SearchPageTest.java:41)
at java.base/java.util.ArrayList.forEach(ArrayList.java:1507)
... Removed 40 stack frames]]>
    </failure>
  </testcase> <!-- listTest -->
</testsuite> <!-- Surefire test -->
